mode: set
ismaeldf/golang-gobarber/modules/appointments/infra/gorm/entities/Appointment.go:11.13,13.2 1 1
ismaeldf/golang-gobarber/modules/appointments/infra/gorm/entities/Appointment.go:24.39,27.16 2 1
ismaeldf/golang-gobarber/modules/appointments/infra/gorm/entities/Appointment.go:31.2,31.12 1 1
ismaeldf/golang-gobarber/modules/appointments/infra/gorm/entities/Appointment.go:27.16,30.3 2 1
ismaeldf/golang-gobarber/modules/appointments/infra/gorm/entities/Appointment.go:34.78,44.16 5 1
ismaeldf/golang-gobarber/modules/appointments/infra/gorm/entities/Appointment.go:48.2,48.26 1 1
ismaeldf/golang-gobarber/modules/appointments/infra/gorm/entities/Appointment.go:44.16,46.3 1 1
ismaeldf/golang-gobarber/modules/users/infra/gorm/entities/User.go:10.13,12.2 1 1
ismaeldf/golang-gobarber/modules/users/infra/gorm/entities/User.go:24.32,27.16 2 1
ismaeldf/golang-gobarber/modules/users/infra/gorm/entities/User.go:31.2,31.12 1 1
ismaeldf/golang-gobarber/modules/users/infra/gorm/entities/User.go:27.16,30.3 2 1
ismaeldf/golang-gobarber/modules/users/infra/gorm/entities/User.go:40.73,50.16 3 1
ismaeldf/golang-gobarber/modules/users/infra/gorm/entities/User.go:54.2,54.19 1 1
ismaeldf/golang-gobarber/modules/users/infra/gorm/entities/User.go:50.16,52.3 1 1
ismaeldf/golang-gobarber/modules/appointments/services/CreateAppointmentService.go:14.109,16.2 1 1
ismaeldf/golang-gobarber/modules/appointments/services/CreateAppointmentService.go:18.109,22.19 3 1
ismaeldf/golang-gobarber/modules/appointments/services/CreateAppointmentService.go:26.2,28.32 2 1
ismaeldf/golang-gobarber/modules/appointments/services/CreateAppointmentService.go:22.19,24.3 1 1
ismaeldf/golang-gobarber/modules/appointments/services/CreateAppointmentService.go:31.44,44.2 2 1
ismaeldf/golang-gobarber/modules/users/services/AuthenticateUserService.go:28.28,34.2 1 1
ismaeldf/golang-gobarber/modules/users/services/AuthenticateUserService.go:36.109,38.19 2 1
ismaeldf/golang-gobarber/modules/users/services/AuthenticateUserService.go:42.2,43.22 2 1
ismaeldf/golang-gobarber/modules/users/services/AuthenticateUserService.go:47.2,54.23 3 1
ismaeldf/golang-gobarber/modules/users/services/AuthenticateUserService.go:38.19,40.3 1 1
ismaeldf/golang-gobarber/modules/users/services/AuthenticateUserService.go:43.22,45.3 1 1
ismaeldf/golang-gobarber/modules/users/services/AuthenticateUserService.go:57.95,59.2 1 1
ismaeldf/golang-gobarber/modules/users/services/CreateUserService.go:15.125,17.2 1 1
ismaeldf/golang-gobarber/modules/users/services/CreateUserService.go:19.87,21.19 2 1
ismaeldf/golang-gobarber/modules/users/services/CreateUserService.go:25.2,28.16 3 1
ismaeldf/golang-gobarber/modules/users/services/CreateUserService.go:32.2,32.25 1 1
ismaeldf/golang-gobarber/modules/users/services/CreateUserService.go:21.19,23.3 1 1
ismaeldf/golang-gobarber/modules/users/services/CreateUserService.go:28.16,30.3 1 1
ismaeldf/golang-gobarber/modules/users/services/UpdateUserAvatarService.go:17.99,19.2 1 0
ismaeldf/golang-gobarber/modules/users/services/UpdateUserAvatarService.go:21.99,23.19 2 0
ismaeldf/golang-gobarber/modules/users/services/UpdateUserAvatarService.go:27.2,33.26 4 0
ismaeldf/golang-gobarber/modules/users/services/UpdateUserAvatarService.go:23.19,25.3 1 0
ismaeldf/golang-gobarber/modules/users/services/UpdateUserAvatarService.go:36.48,38.2 1 0
ismaeldf/golang-gobarber/modules/users/services/UpdateUserAvatarService.go:40.48,42.2 1 0
